d:\科锐笔记\datast09\studentmgesystem\bin\debug\inter\vc140.pdb
d:\科锐笔记\datast09\studentmgesystem\bin\debug\inter\vc140.idb
d:\科锐笔记\datast09\studentmgesystem\bin\debug\inter\cmystring.obj
d:\科锐笔记\datast09\studentmgesystem\bin\debug\inter\control.obj
d:\科锐笔记\datast09\studentmgesystem\bin\debug\inter\global.obj
d:\科锐笔记\datast09\studentmgesystem\bin\debug\inter\io.obj
d:\科锐笔记\datast09\studentmgesystem\bin\debug\inter\main.obj
d:\科锐笔记\datast09\studentmgesystem\bin\debug\inter\ui.obj
d:\科锐笔记\datast09\studentmgesystem\bin\debug\inter\studentmgesystem.tlog\cl.command.1.tlog
d:\科锐笔记\datast09\studentmgesystem\bin\debug\inter\studentmgesystem.tlog\cl.read.1.tlog
d:\科锐笔记\datast09\studentmgesystem\bin\debug\inter\studentmgesystem.tlog\cl.write.1.tlog
d:\科锐笔记\datast09\studentmgesystem\bin\debug\inter\studentmgesystem.tlog\link.79468-cvtres.read.1.tlog
d:\科锐笔记\datast09\studentmgesystem\bin\debug\inter\studentmgesystem.tlog\link.79468-cvtres.write.1.tlog
d:\科锐笔记\datast09\studentmgesystem\bin\debug\inter\studentmgesystem.tlog\link.79468-rc.read.1.tlog
d:\科锐笔记\datast09\studentmgesystem\bin\debug\inter\studentmgesystem.tlog\link.79468-rc.write.1.tlog
d:\科锐笔记\datast09\studentmgesystem\bin\debug\inter\studentmgesystem.tlog\link.79468.read.1.tlog
d:\科锐笔记\datast09\studentmgesystem\bin\debug\inter\studentmgesystem.tlog\link.79468.write.1.tlog
d:\科锐笔记\datast09\studentmgesystem\bin\debug\inter\studentmgesystem.tlog\link.command.1.tlog
d:\科锐笔记\datast09\studentmgesystem\bin\debug\inter\studentmgesystem.tlog\link.read.1.tlog
d:\科锐笔记\datast09\studentmgesystem\bin\debug\inter\studentmgesystem.tlog\link.write.1.tlog
