d:\科锐笔记\datast09\studentmgesystem\bin\release\inter\vc140.pdb
d:\科锐笔记\datast09\studentmgesystem\bin\release\inter\ui.obj
d:\科锐笔记\datast09\studentmgesystem\bin\release\inter\mockingstring.obj
d:\科锐笔记\datast09\studentmgesystem\bin\release\inter\md5.obj
d:\科锐笔记\datast09\studentmgesystem\bin\release\inter\main.obj
d:\科锐笔记\datast09\studentmgesystem\bin\release\inter\io.obj
d:\科锐笔记\datast09\studentmgesystem\bin\release\inter\global.obj
d:\科锐笔记\datast09\studentmgesystem\bin\release\inter\control.obj
d:\科锐笔记\datast09\studentmgesystem\bin\release\inter\cmystring.obj
d:\科锐笔记\datast09\studentmgesystem\bin\release\学生管理系统.exe
d:\科锐笔记\datast09\studentmgesystem\bin\release\学生管理系统.ipdb
d:\科锐笔记\datast09\studentmgesystem\bin\release\学生管理系统.iobj
d:\科锐笔记\datast09\studentmgesystem\bin\release\学生管理系统.pdb
d:\科锐笔记\datast09\studentmgesystem\studentmgesystem\..\bin\release\学生管理系统.exe
d:\科锐笔记\datast09\studentmgesystem\bin\release\inter\studentmgesystem.tlog\cl.command.1.tlog
d:\科锐笔记\datast09\studentmgesystem\bin\release\inter\studentmgesystem.tlog\cl.read.1.tlog
d:\科锐笔记\datast09\studentmgesystem\bin\release\inter\studentmgesystem.tlog\cl.write.1.tlog
d:\科锐笔记\datast09\studentmgesystem\bin\release\inter\studentmgesystem.tlog\link.command.1.tlog
d:\科锐笔记\datast09\studentmgesystem\bin\release\inter\studentmgesystem.tlog\link.read.1.tlog
d:\科锐笔记\datast09\studentmgesystem\bin\release\inter\studentmgesystem.tlog\link.write.1.tlog
